#
# There is insufficient memory for the Java Runtime Environment to continue.
# Native memory allocation (malloc) failed to allocate 1048576 bytes for AllocateHeap
# Possible reasons:
#   The system is out of physical RAM or swap space
#   In 32 bit mode, the process size limit was hit
# Possible solutions:
#   Reduce memory load on the system
#   Increase physical memory or swap space
#   Check if swap backing store is full
#   Use 64 bit Java on a 64 bit OS
#   Decrease Java heap size (-Xmx/-Xms)
#   Decrease number of Java threads
#   Decrease Java thread stack sizes (-Xss)
#   Set larger code cache with -XX:ReservedCodeCacheSize=
# This output file may be truncated or incomplete.
#
#  Out of Memory Error (memory/allocation.inline.hpp:61), pid=11292, tid=0x0000000000002cd4
#
# JRE version:  (8.0_131-b11) (build )
# Java VM: Java HotSpot(TM) 64-Bit Server VM (25.131-b11 mixed mode windows-amd64 compressed oops)
# Failed to write core dump. Minidumps are not enabled by default on client versions of Windows
#

---------------  T H R E A D  ---------------

Current thread (0x00000000010fe000):  JavaThread "Unknown thread" [_thread_in_vm, id=11476, stack(0x0000000002e10000,0x0000000002f10000)]

Stack: [0x0000000002e10000,0x0000000002f10000]
[error occurred during error reporting (printing stack bounds), id 0xc0000005]

Native frames: (J=compiled Java code, j=interpreted, Vv=VM code, C=native code)


---------------  P R O C E S S  ---------------

Java Threads: ( => current thread )

Other Threads:

=>0x00000000010fe000 (exited) JavaThread "Unknown thread" [_thread_in_vm, id=11476, stack(0x0000000002e10000,0x0000000002f10000)]

VM state:not at safepoint (normal execution)

VM Mutex/Monitor currently owned by a thread: None

Heap:
 PSYoungGen      total 38400K, used 665K [0x00000000d5b80000, 0x00000000d8600000, 0x0000000100000000)
  eden space 33280K, 2% used [0x00000000d5b80000,0x00000000d5c26670,0x00000000d7c00000)
  from space 5120K, 0% used [0x00000000d8100000,0x00000000d8100000,0x00000000d8600000)
  to   space 5120K, 0% used [0x00000000d7c00000,0x00000000d7c00000,0x00000000d8100000)
 ParOldGen       total 87552K, used 0K [0x0000000081200000, 0x0000000086780000, 0x00000000d5b80000)
  object space 87552K, 0% used [0x0000000081200000,0x0000000081200000,0x0000000086780000)
 Metaspace       used 770K, capacity 4480K, committed 4480K, reserved 1056768K
  class space    used 75K, capacity 384K, committed 384K, reserved 1048576K

Card table byte_map: [0x0000000012420000,0x0000000012820000] byte_map_base: 0x0000000012017000

Marking Bits: (ParMarkBitMap*) 0x00000000691cc720
 Begin Bits: [0x0000000012ed0000, 0x0000000014e88000)
 End Bits:   [0x0000000014e88000, 0x0000000016e40000)

Polling page: 0x0000000000df0000

CodeCache: size=245760Kb used=328Kb max_used=328Kb free=245431Kb
 bounds [0x0000000003060000, 0x00000000032d0000, 0x0000000012060000]
 total_blobs=58 nmethods=0 adapters=38
 compilation: enabled

Compilation events (0 events):
No events

GC Heap History (0 events):
No events

Deoptimization events (0 events):
No events

Internal exceptions (0 events):
No events

Events (10 events):
Event: 0.043 loading class java/lang/Short
Event: 0.043 loading class java/lang/Short done
Event: 0.043 loading class java/lang/Integer
Event: 0.043 loading class java/lang/Integer done
Event: 0.043 loading class java/lang/Long
Event: 0.043 loading class java/lang/Long done
Event: 0.044 loading class java/lang/NullPointerException
Event: 0.045 loading class java/lang/NullPointerException done
Event: 0.045 loading class java/lang/ArithmeticException
Event: 0.045 loading class java/lang/ArithmeticException done


Dynamic libraries:
0x00007ff61b9c0000 - 0x00007ff61b9f7000 	C:\Program Files\Java\jdk1.8.0_131\bin\java.exe
0x00007ffa31240000 - 0x00007ffa31421000 	C:\WINDOWS\SYSTEM32\ntdll.dll
0x00007ffa30a30000 - 0x00007ffa30ae2000 	C:\WINDOWS\System32\KERNEL32.DLL
0x00007ffa2db10000 - 0x00007ffa2dd83000 	C:\WINDOWS\System32\KERNELBASE.dll
0x00007ffa2f240000 - 0x00007ffa2f2e1000 	C:\WINDOWS\System32\ADVAPI32.dll
0x00007ffa30fd0000 - 0x00007ffa3106e000 	C:\WINDOWS\System32\msvcrt.dll
0x00007ffa2e6d0000 - 0x00007ffa2e72b000 	C:\WINDOWS\System32\sechost.dll
0x00007ffa30900000 - 0x00007ffa30a24000 	C:\WINDOWS\System32\RPCRT4.dll
0x00007ffa2f0b0000 - 0x00007ffa2f240000 	C:\WINDOWS\System32\USER32.dll
0x00007ffa2e600000 - 0x00007ffa2e620000 	C:\WINDOWS\System32\win32u.dll
0x00007ffa30af0000 - 0x00007ffa30b18000 	C:\WINDOWS\System32\GDI32.dll
0x00007ffa2d970000 - 0x00007ffa2db02000 	C:\WINDOWS\System32\gdi32full.dll
0x00007ffa2d880000 - 0x00007ffa2d91f000 	C:\WINDOWS\System32\msvcp_win.dll
0x00007ffa2dd90000 - 0x00007ffa2de8a000 	C:\WINDOWS\System32\ucrtbase.dll
0x00007ffa1a670000 - 0x00007ffa1a8d9000 	C:\WINDOWS\WinSxS\amd64_microsoft.windows.common-controls_6595b64144ccf1df_6.0.17134.345_none_fb429a5930656358\COMCTL32.dll
0x00007ffa2e8d0000 - 0x00007ffa2ebf3000 	C:\WINDOWS\System32\combase.dll
0x00007ffa2d610000 - 0x00007ffa2d68a000 	C:\WINDOWS\System32\bcryptPrimitives.dll
0x00007ffa31080000 - 0x00007ffa310ad000 	C:\WINDOWS\System32\IMM32.DLL
0x00000000688d0000 - 0x00000000689a2000 	C:\Program Files\Java\jdk1.8.0_131\jre\bin\msvcr100.dll
0x00000000689b0000 - 0x000000006924c000 	C:\Program Files\Java\jdk1.8.0_131\jre\bin\server\jvm.dll
0x00007ffa31070000 - 0x00007ffa31078000 	C:\WINDOWS\System32\PSAPI.DLL
0x00007ffa1e800000 - 0x00007ffa1e80a000 	C:\WINDOWS\SYSTEM32\VERSION.dll
0x00007ffa23930000 - 0x00007ffa23953000 	C:\WINDOWS\SYSTEM32\WINMM.dll
0x00007ffa199d0000 - 0x00007ffa199d9000 	C:\WINDOWS\SYSTEM32\WSOCK32.dll
0x00007ffa30f60000 - 0x00007ffa30fcc000 	C:\WINDOWS\System32\WS2_32.dll
0x00007ffa22ec0000 - 0x00007ffa22eea000 	C:\WINDOWS\SYSTEM32\winmmbase.dll
0x00007ffa2d920000 - 0x00007ffa2d969000 	C:\WINDOWS\System32\cfgmgr32.dll
0x0000000069a90000 - 0x0000000069a9f000 	C:\Program Files\Java\jdk1.8.0_131\jre\bin\verify.dll
0x0000000069a60000 - 0x0000000069a89000 	C:\Program Files\Java\jdk1.8.0_131\jre\bin\java.dll
0x00000000688b0000 - 0x00000000688c6000 	C:\Program Files\Java\jdk1.8.0_131\jre\bin\zip.dll

VM Arguments:
jvm_args: -Dclassworlds.conf=C:\Program Files\NetBeans 8.2\java\maven\bin\m2.conf -Dmaven.home=C:\Program Files\NetBeans 8.2\java\maven 
java_command: org.codehaus.plexus.classworlds.launcher.Launcher -Dmaven.ext.class.path=C:\Program Files\NetBeans 8.2\java\maven-nblib\netbeans-eventspy.jar -Dfile.encoding=UTF-8 install
java_class_path (initial): C:\Program Files\NetBeans 8.2\java\maven\boot\plexus-classworlds-2.4.jar
Launcher Type: SUN_STANDARD

Environment Variables:
JAVA_HOME=C:\Program Files\Java\jdk1.8.0_131
PATH=C:\Program Files (x86)\Microsoft SDKs\Azure\CLI2\wbin;C:\Program Files\Docker\Docker\Resources\bin;C:\Program Files\Microsoft MPI\Bin\;C:\WINDOWS\system32;C:\WINDOWS;C:\WINDOWS\System32\Wbem;C:\WINDOWS\System32\WindowsPowerShell\v1.0\;C:\Program Files\Microsoft SQL Server\130\Tools\Binn\;C:\Program Files\Git\cmd;C:\Program Files (x86)\GtkSharp\2.12\bin;C:\Program Files (x86)\Skype\Phone\;C:\Program Files (x86)\Google\Cloud SDK\google-cloud-sdk\bin;C:\Program Files\PuTTY\;C:\WINDOWS\System32\OpenSSH\;C:\Program Files (x86)\Windows Kits\10\Windows Performance Toolkit\;C:\Users\Rahul Deshpande\AppData\Local\Microsoft\WindowsApps;C:\Program Files\Microsoft VS Code\bin;C:\Program Files (x86)\Microsoft Visual Studio\2017\Community\VC;C:\ProgramData\Anaconda3\Scripts;C:\ProgramData\Anaconda3;C:\Program Files\Java\jdk1.8.0_131\jre;C:\Program Files\Java\jdk1.8.0_131\jre\bin;C:\Program Files\Java\jdk1.8.0_131\jre\lib;
USERNAME=Rahul Deshpande
OS=Windows_NT
PROCESSOR_IDENTIFIER=Intel64 Family 6 Model 78 Stepping 3, GenuineIntel



---------------  S Y S T E M  ---------------

OS: Windows 10.0 , 64 bit Build 17134 (10.0.17134.1)

CPU:total 4 (initial active 4) (2 cores per cpu, 2 threads per core) family 6 model 78 stepping 3, cmov, cx8, fxsr, mmx, sse, sse2, sse3, ssse3, sse4.1, sse4.2, popcnt, avx, avx2, aes, clmul, erms, rtm, 3dnowpref, lzcnt, ht, tsc, tscinvbit, bmi1, bmi2, adx

Memory: 4k page, physical 8312080k(1300100k free), swap 27829048k(6084k free)

vm_info: Java HotSpot(TM) 64-Bit Server VM (25.131-b11) for windows-amd64 JRE (1.8.0_131-b11), built on Mar 15 2017 01:23:53 by "java_re" with MS VC++ 10.0 (VS2010)

time: Mon Nov 26 14:53:46 2018
elapsed time: 0 seconds (0d 0h 0m 0s)

